Cópias de segurança/App Android (cópia)/app/build/intermediates/manifest_merge_blame_file/debug/manifest-merger-blame-debug-report.txt
1<?xml version="1.0" encoding="utf-8"?>
2<manifest xmlns:android="http://schemas.android.com/apk/res/android"
3    package="com.example.esp32app"
4    android:versionCode="1"
5    android:versionName="1.0" >
6
7    <uses-sdk
8        android:minSdkVersion="24"
9        android:targetSdkVersion="34" />
10
11    <!-- Permissões legadas de Bluetooth (Para APIs inferiores a 31) -->
12    <uses-permission android:name="android.permission.BLUETOOTH" />
12-->src/main/AndroidManifest.xml:6:5-68
12-->src/main/AndroidManifest.xml:6:22-65
13    <uses-permission android:name="android.permission.BLUETOOTH_ADMIN" />
13-->src/main/AndroidManifest.xml:7:5-74
13-->src/main/AndroidManifest.xml:7:22-71
14    <uses-permission android:name="android.permission.ACCESS_FINE_LOCATION" />
14-->src/main/AndroidManifest.xml:8:5-78
14-->src/main/AndroidManifest.xml:8:22-76
15
16    <!-- Permissões de Bluetooth modernas (API 31+) -->
17    <uses-permission android:name="android.permission.BLUETOOTH_SCAN" />
17-->src/main/AndroidManifest.xml:11:5-72
17-->src/main/AndroidManifest.xml:11:22-70
18    <uses-permission android:name="android.permission.BLUETOOTH_CONNECT" />
18-->src/main/AndroidManifest.xml:12:5-75
18-->src/main/AndroidManifest.xml:12:22-73
19
20    <uses-feature
20-->src/main/AndroidManifest.xml:14:5-89
21        android:name="android.hardware.bluetooth_le"
21-->src/main/AndroidManifest.xml:14:19-63
22        android:required="true" />
22-->src/main/AndroidManifest.xml:14:64-87
23
24    <permission
24-->[androidx.core:core:1.12.0] AndroidManifest.xml:22:5-24:47
25        android:name="com.example.esp32app.DYNAMIC_RECEIVER_NOT_EXPORTED_PERMISSION"
25-->[androidx.core:core:1.12.0] AndroidManifest.xml:23:9-81
26        android:protectionLevel="signature" />
26-->[androidx.core:core:1.12.0] AndroidManifest.xml:24:9-44
27
28    <uses-permission android:name="com.example.esp32app.DYNAMIC_RECEIVER_NOT_EXPORTED_PERMISSION" />
28-->[androidx.core:core:1.12.0] AndroidManifest.xml:26:5-97
28-->[androidx.core:core:1.12.0] AndroidManifest.xml:26:22-94
29
30    <application
30-->src/main/AndroidManifest.xml:16:5-30:19
31        android:allowBackup="true"
31-->src/main/AndroidManifest.xml:17:9-35
32        android:appComponentFactory="androidx.core.app.CoreComponentFactory"
32-->[androidx.core:core:1.12.0] AndroidManifest.xml:28:18-86
33        android:debuggable="true"
34        android:extractNativeLibs="false"
35        android:label="@string/app_name"
35-->src/main/AndroidManifest.xml:18:9-41
36        android:supportsRtl="true"
36-->src/main/AndroidManifest.xml:19:9-35
37        android:theme="@style/Theme.ESP32App" >
37-->src/main/AndroidManifest.xml:20:9-46
38        <activity
38-->src/main/AndroidManifest.xml:21:9-28:20
39            android:name="com.example.esp32app.MainActivity"
39-->src/main/AndroidManifest.xml:22:13-41
40            android:exported="true" >
40-->src/main/AndroidManifest.xml:23:13-36
41            <intent-filter>
41-->src/main/AndroidManifest.xml:24:13-27:29
42                <action android:name="android.intent.action.MAIN" />
42-->src/main/AndroidManifest.xml:25:17-69
42-->src/main/AndroidManifest.xml:25:25-66
43
44                <category android:name="android.intent.category.LAUNCHER" />
44-->src/main/AndroidManifest.xml:26:17-77
44-->src/main/AndroidManifest.xml:26:27-74
45            </intent-filter>
46        </activity>
47        <activity android:name="com.example.esp32app.ControlActivity" />
47-->src/main/AndroidManifest.xml:29:9-53
47-->src/main/AndroidManifest.xml:29:19-50
48
49        <provider
49-->[androidx.emoji2:emoji2:1.2.0] AndroidManifest.xml:24:9-32:20
50            android:name="androidx.startup.InitializationProvider"
50-->[androidx.emoji2:emoji2:1.2.0] AndroidManifest.xml:25:13-67
51            android:authorities="com.example.esp32app.androidx-startup"
51-->[androidx.emoji2:emoji2:1.2.0] AndroidManifest.xml:26:13-68
52            android:exported="false" >
52-->[androidx.emoji2:emoji2:1.2.0] AndroidManifest.xml:27:13-37
53            <meta-data
53-->[androidx.emoji2:emoji2:1.2.0] AndroidManifest.xml:29:13-31:52
54                android:name="androidx.emoji2.text.EmojiCompatInitializer"
54-->[androidx.emoji2:emoji2:1.2.0] AndroidManifest.xml:30:17-75
55                android:value="androidx.startup" />
55-->[androidx.emoji2:emoji2:1.2.0] AndroidManifest.xml:31:17-49
56            <meta-data
56-->[androidx.lifecycle:lifecycle-process:2.6.1] AndroidManifest.xml:29:13-31:52
57                android:name="androidx.lifecycle.ProcessLifecycleInitializer"
57-->[androidx.lifecycle:lifecycle-process:2.6.1] AndroidManifest.xml:30:17-78
58                android:value="androidx.startup" />
58-->[androidx.lifecycle:lifecycle-process:2.6.1] AndroidManifest.xml:31:17-49
59            <meta-data
59-->[androidx.profileinstaller:profileinstaller:1.3.0] AndroidManifest.xml:29:13-31:52
60                android:name="androidx.profileinstaller.ProfileInstallerInitializer"
60-->[androidx.profileinstaller:profileinstaller:1.3.0] AndroidManifest.xml:30:17-85
61                android:value="androidx.startup" />
61-->[androidx.profileinstaller:profileinstaller:1.3.0] AndroidManifest.xml:31:17-49
62        </provider>
63
64        <receiver
64-->[androidx.profileinstaller:profileinstaller:1.3.0] AndroidManifest.xml:34:9-52:20
65            android:name="androidx.profileinstaller.ProfileInstallReceiver"
65-->[androidx.profileinstaller:profileinstaller:1.3.0] AndroidManifest.xml:35:13-76
66            android:directBootAware="false"
66-->[androidx.profileinstaller:profileinstaller:1.3.0] AndroidManifest.xml:36:13-44
67            android:enabled="true"
67-->[androidx.profileinstaller:profileinstaller:1.3.0] AndroidManifest.xml:37:13-35
68            android:exported="true"
68-->[androidx.profileinstaller:profileinstaller:1.3.0] AndroidManifest.xml:38:13-36
69            android:permission="android.permission.DUMP" >
69-->[androidx.profileinstaller:profileinstaller:1.3.0] AndroidManifest.xml:39:13-57
70            <intent-filter>
70-->[androidx.profileinstaller:profileinstaller:1.3.0] AndroidManifest.xml:40:13-42:29
71                <action android:name="androidx.profileinstaller.action.INSTALL_PROFILE" />
71-->[androidx.profileinstaller:profileinstaller:1.3.0] AndroidManifest.xml:41:17-91
71-->[androidx.profileinstaller:profileinstaller:1.3.0] AndroidManifest.xml:41:25-88
72            </intent-filter>
73            <intent-filter>
73-->[androidx.profileinstaller:profileinstaller:1.3.0] AndroidManifest.xml:43:13-45:29
74                <action android:name="androidx.profileinstaller.action.SKIP_FILE" />
74-->[androidx.profileinstaller:profileinstaller:1.3.0] AndroidManifest.xml:44:17-85
74-->[androidx.profileinstaller:profileinstaller:1.3.0] AndroidManifest.xml:44:25-82
75            </intent-filter>
76            <intent-filter>
76-->[androidx.profileinstaller:profileinstaller:1.3.0] AndroidManifest.xml:46:13-48:29
77                <action android:name="androidx.profileinstaller.action.SAVE_PROFILE" />
77-->[androidx.profileinstaller:profileinstaller:1.3.0] AndroidManifest.xml:47:17-88
77-->[androidx.profileinstaller:profileinstaller:1.3.0] AndroidManifest.xml:47:25-85
78            </intent-filter>
79            <intent-filter>
79-->[androidx.profileinstaller:profileinstaller:1.3.0] AndroidManifest.xml:49:13-51:29
80                <action android:name="androidx.profileinstaller.action.BENCHMARK_OPERATION" />
80-->[androidx.profileinstaller:profileinstaller:1.3.0] AndroidManifest.xml:50:17-95
80-->[androidx.profileinstaller:profileinstaller:1.3.0] AndroidManifest.xml:50:25-92
81            </intent-filter>
82        </receiver>
83    </application>
84
85</manifest>